2024-12-14 00:47:00 [32minfo[39m: [32mFetching all customer[39m
2024-12-14 00:47:00 [32minfo[39m: [32mFound 1 customers[39m
2024-12-14 00:47:03 [32minfo[39m: [32mRendering edit customer page[39m
2024-12-14 00:47:03 [32minfo[39m: [32mRendering edit page for customer with ID 09351669-300c-4586-9ae7-ce744319ea1f[39m
2024-12-14 00:47:04 [32minfo[39m: [32mFetching all customer[39m
2024-12-14 00:47:04 [32minfo[39m: [32mFound 1 customers[39m
2024-12-14 00:47:05 [32minfo[39m: [32mFetching all employees[39m
2024-12-14 00:47:05 [32minfo[39m: [32mFound 3 employees[39m
2024-12-14 00:47:07 [32minfo[39m: [32mRendering edit employee page[39m
2024-12-14 00:47:07 [32minfo[39m: [32mRendering edit page for employee with ID 98ab2c8f-4c1b-4ee6-b137-50ddde82bc37[39m
2024-12-14 00:47:08 [32minfo[39m: [32mFetching all employees[39m
2024-12-14 00:47:08 [32minfo[39m: [32mFound 3 employees[39m
2024-12-14 00:52:30 [31merror[39m: [31mstack[39m
2024-12-14 00:52:56 [31merror[39m: [31mstack[39m
2024-12-14 00:53:09 [31merror[39m: [31mstack[39m
2024-12-14 00:54:33 [ERROR]: stack
2024-12-14 00:55:14 [ERROR]: Error: stack
    at C:\Users\vinicius\Desktop\projects\sistema-de-reserva\src\server.js:47:11
    at Layer.handle [as handle_request] (C:\Users\vinicius\Desktop\projects\sistema-de-reserva\node_modules\express\lib\router\layer.js:95:5)
    at next (C:\Users\vinicius\Desktop\projects\sistema-de-reserva\node_modules\express\lib\router\route.js:149:13)
    at Route.dispatch (C:\Users\vinicius\Desktop\projects\sistema-de-reserva\node_modules\express\lib\router\route.js:119:3)
    at Layer.handle [as handle_request] (C:\Users\vinicius\Desktop\projects\sistema-de-reserva\node_modules\express\lib\router\layer.js:95:5)
    at C:\Users\vinicius\Desktop\projects\sistema-de-reserva\node_modules\express\lib\router\index.js:284:15
    at Function.process_params (C:\Users\vinicius\Desktop\projects\sistema-de-reserva\node_modules\express\lib\router\index.js:346:12)
    at next (C:\Users\vinicius\Desktop\projects\sistema-de-reserva\node_modules\express\lib\router\index.js:280:10)
    at urlencodedParser (C:\Users\vinicius\Desktop\projects\sistema-de-reserva\node_modules\body-parser\lib\types\urlencoded.js:94:7)
    at Layer.handle [as handle_request] (C:\Users\vinicius\Desktop\projects\sistema-de-reserva\node_modules\express\lib\router\layer.js:95:5)
2024-12-14 00:56:57 [ERROR]: stack stack
--- STACK TRACE ---
Error: stack
    at C:\Users\vinicius\Desktop\projects\sistema-de-reserva\src\server.js:47:11
    at Layer.handle [as handle_request] (C:\Users\vinicius\Desktop\projects\sistema-de-reserva\node_modules\express\lib\router\layer.js:95:5)
    at next (C:\Users\vinicius\Desktop\projects\sistema-de-reserva\node_modules\express\lib\router\route.js:149:13)
    at Route.dispatch (C:\Users\vinicius\Desktop\projects\sistema-de-reserva\node_modules\express\lib\router\route.js:119:3)
    at Layer.handle [as handle_request] (C:\Users\vinicius\Desktop\projects\sistema-de-reserva\node_modules\express\lib\router\layer.js:95:5)
    at C:\Users\vinicius\Desktop\projects\sistema-de-reserva\node_modules\express\lib\router\index.js:284:15
    at Function.process_params (C:\Users\vinicius\Desktop\projects\sistema-de-reserva\node_modules\express\lib\router\index.js:346:12)
    at next (C:\Users\vinicius\Desktop\projects\sistema-de-reserva\node_modules\express\lib\router\index.js:280:10)
    at urlencodedParser (C:\Users\vinicius\Desktop\projects\sistema-de-reserva\node_modules\body-parser\lib\types\urlencoded.js:94:7)
    at Layer.handle [as handle_request] (C:\Users\vinicius\Desktop\projects\sistema-de-reserva\node_modules\express\lib\router\layer.js:95:5)
-------------------
2024-12-14 00:57:31 [ERROR]: stack stack
--- STACK TRACE ---
Error: stack
    at C:\Users\vinicius\Desktop\projects\sistema-de-reserva\src\server.js:47:11
    at Layer.handle [as handle_request] (C:\Users\vinicius\Desktop\projects\sistema-de-reserva\node_modules\express\lib\router\layer.js:95:5)
    at next (C:\Users\vinicius\Desktop\projects\sistema-de-reserva\node_modules\express\lib\router\route.js:149:13)
    at Route.dispatch (C:\Users\vinicius\Desktop\projects\sistema-de-reserva\node_modules\express\lib\router\route.js:119:3)
    at Layer.handle [as handle_request] (C:\Users\vinicius\Desktop\projects\sistema-de-reserva\node_modules\express\lib\router\layer.js:95:5)
    at C:\Users\vinicius\Desktop\projects\sistema-de-reserva\node_modules\express\lib\router\index.js:284:15
    at Function.process_params (C:\Users\vinicius\Desktop\projects\sistema-de-reserva\node_modules\express\lib\router\index.js:346:12)
    at next (C:\Users\vinicius\Desktop\projects\sistema-de-reserva\node_modules\express\lib\router\index.js:280:10)
    at urlencodedParser (C:\Users\vinicius\Desktop\projects\sistema-de-reserva\node_modules\body-parser\lib\types\urlencoded.js:94:7)
    at Layer.handle [as handle_request] (C:\Users\vinicius\Desktop\projects\sistema-de-reserva\node_modules\express\lib\router\layer.js:95:5)
-------------------
2024-12-14 00:59:35 [ERROR]: stack stack
--- STACK TRACE ---
Error: stack
    at C:\Users\vinicius\Desktop\projects\sistema-de-reserva\src\server.js:47:11
    at Layer.handle [as handle_request] (C:\Users\vinicius\Desktop\projects\sistema-de-reserva\node_modules\express\lib\router\layer.js:95:5)
    at next (C:\Users\vinicius\Desktop\projects\sistema-de-reserva\node_modules\express\lib\router\route.js:149:13)
    at Route.dispatch (C:\Users\vinicius\Desktop\projects\sistema-de-reserva\node_modules\express\lib\router\route.js:119:3)
    at Layer.handle [as handle_request] (C:\Users\vinicius\Desktop\projects\sistema-de-reserva\node_modules\express\lib\router\layer.js:95:5)
    at C:\Users\vinicius\Desktop\projects\sistema-de-reserva\node_modules\express\lib\router\index.js:284:15
    at Function.process_params (C:\Users\vinicius\Desktop\projects\sistema-de-reserva\node_modules\express\lib\router\index.js:346:12)
    at next (C:\Users\vinicius\Desktop\projects\sistema-de-reserva\node_modules\express\lib\router\index.js:280:10)
    at urlencodedParser (C:\Users\vinicius\Desktop\projects\sistema-de-reserva\node_modules\body-parser\lib\types\urlencoded.js:94:7)
    at Layer.handle [as handle_request] (C:\Users\vinicius\Desktop\projects\sistema-de-reserva\node_modules\express\lib\router\layer.js:95:5)
-------------------
2024-12-14 01:00:00 [ERROR]: stack stack
--- STACK TRACE ---
Error: stack
    at C:\Users\vinicius\Desktop\projects\sistema-de-reserva\src\server.js:47:11
    at Layer.handle [as handle_request] (C:\Users\vinicius\Desktop\projects\sistema-de-reserva\node_modules\express\lib\router\layer.js:95:5)
    at next (C:\Users\vinicius\Desktop\projects\sistema-de-reserva\node_modules\express\lib\router\route.js:149:13)
    at Route.dispatch (C:\Users\vinicius\Desktop\projects\sistema-de-reserva\node_modules\express\lib\router\route.js:119:3)
    at Layer.handle [as handle_request] (C:\Users\vinicius\Desktop\projects\sistema-de-reserva\node_modules\express\lib\router\layer.js:95:5)
    at C:\Users\vinicius\Desktop\projects\sistema-de-reserva\node_modules\express\lib\router\index.js:284:15
    at Function.process_params (C:\Users\vinicius\Desktop\projects\sistema-de-reserva\node_modules\express\lib\router\index.js:346:12)
    at next (C:\Users\vinicius\Desktop\projects\sistema-de-reserva\node_modules\express\lib\router\index.js:280:10)
    at urlencodedParser (C:\Users\vinicius\Desktop\projects\sistema-de-reserva\node_modules\body-parser\lib\types\urlencoded.js:94:7)
    at Layer.handle [as handle_request] (C:\Users\vinicius\Desktop\projects\sistema-de-reserva\node_modules\express\lib\router\layer.js:95:5)
-------------------
2024-12-14 01:00:05 [ERROR]: stack stack
--- STACK TRACE ---
Error: stack
    at C:\Users\vinicius\Desktop\projects\sistema-de-reserva\src\server.js:47:11
    at Layer.handle [as handle_request] (C:\Users\vinicius\Desktop\projects\sistema-de-reserva\node_modules\express\lib\router\layer.js:95:5)
    at next (C:\Users\vinicius\Desktop\projects\sistema-de-reserva\node_modules\express\lib\router\route.js:149:13)
    at Route.dispatch (C:\Users\vinicius\Desktop\projects\sistema-de-reserva\node_modules\express\lib\router\route.js:119:3)
    at Layer.handle [as handle_request] (C:\Users\vinicius\Desktop\projects\sistema-de-reserva\node_modules\express\lib\router\layer.js:95:5)
    at C:\Users\vinicius\Desktop\projects\sistema-de-reserva\node_modules\express\lib\router\index.js:284:15
    at Function.process_params (C:\Users\vinicius\Desktop\projects\sistema-de-reserva\node_modules\express\lib\router\index.js:346:12)
    at next (C:\Users\vinicius\Desktop\projects\sistema-de-reserva\node_modules\express\lib\router\index.js:280:10)
    at urlencodedParser (C:\Users\vinicius\Desktop\projects\sistema-de-reserva\node_modules\body-parser\lib\types\urlencoded.js:94:7)
    at Layer.handle [as handle_request] (C:\Users\vinicius\Desktop\projects\sistema-de-reserva\node_modules\express\lib\router\layer.js:95:5)
-------------------
2024-12-14 01:00:05 [ERROR]: stack stack
--- STACK TRACE ---
Error: stack
    at C:\Users\vinicius\Desktop\projects\sistema-de-reserva\src\server.js:47:11
    at Layer.handle [as handle_request] (C:\Users\vinicius\Desktop\projects\sistema-de-reserva\node_modules\express\lib\router\layer.js:95:5)
    at next (C:\Users\vinicius\Desktop\projects\sistema-de-reserva\node_modules\express\lib\router\route.js:149:13)
    at Route.dispatch (C:\Users\vinicius\Desktop\projects\sistema-de-reserva\node_modules\express\lib\router\route.js:119:3)
    at Layer.handle [as handle_request] (C:\Users\vinicius\Desktop\projects\sistema-de-reserva\node_modules\express\lib\router\layer.js:95:5)
    at C:\Users\vinicius\Desktop\projects\sistema-de-reserva\node_modules\express\lib\router\index.js:284:15
    at Function.process_params (C:\Users\vinicius\Desktop\projects\sistema-de-reserva\node_modules\express\lib\router\index.js:346:12)
    at next (C:\Users\vinicius\Desktop\projects\sistema-de-reserva\node_modules\express\lib\router\index.js:280:10)
    at urlencodedParser (C:\Users\vinicius\Desktop\projects\sistema-de-reserva\node_modules\body-parser\lib\types\urlencoded.js:94:7)
    at Layer.handle [as handle_request] (C:\Users\vinicius\Desktop\projects\sistema-de-reserva\node_modules\express\lib\router\layer.js:95:5)
-------------------
2024-12-14 01:00:05 [ERROR]: stack stack
--- STACK TRACE ---
Error: stack
    at C:\Users\vinicius\Desktop\projects\sistema-de-reserva\src\server.js:47:11
    at Layer.handle [as handle_request] (C:\Users\vinicius\Desktop\projects\sistema-de-reserva\node_modules\express\lib\router\layer.js:95:5)
    at next (C:\Users\vinicius\Desktop\projects\sistema-de-reserva\node_modules\express\lib\router\route.js:149:13)
    at Route.dispatch (C:\Users\vinicius\Desktop\projects\sistema-de-reserva\node_modules\express\lib\router\route.js:119:3)
    at Layer.handle [as handle_request] (C:\Users\vinicius\Desktop\projects\sistema-de-reserva\node_modules\express\lib\router\layer.js:95:5)
    at C:\Users\vinicius\Desktop\projects\sistema-de-reserva\node_modules\express\lib\router\index.js:284:15
    at Function.process_params (C:\Users\vinicius\Desktop\projects\sistema-de-reserva\node_modules\express\lib\router\index.js:346:12)
    at next (C:\Users\vinicius\Desktop\projects\sistema-de-reserva\node_modules\express\lib\router\index.js:280:10)
    at urlencodedParser (C:\Users\vinicius\Desktop\projects\sistema-de-reserva\node_modules\body-parser\lib\types\urlencoded.js:94:7)
    at Layer.handle [as handle_request] (C:\Users\vinicius\Desktop\projects\sistema-de-reserva\node_modules\express\lib\router\layer.js:95:5)
-------------------
2024-12-14 01:00:29 [ERROR]: stack stack
--- STACK TRACE ---
Error: stack
    at C:\Users\vinicius\Desktop\projects\sistema-de-reserva\src\server.js:47:11
    at Layer.handle [as handle_request] (C:\Users\vinicius\Desktop\projects\sistema-de-reserva\node_modules\express\lib\router\layer.js:95:5)
    at next (C:\Users\vinicius\Desktop\projects\sistema-de-reserva\node_modules\express\lib\router\route.js:149:13)
    at Route.dispatch (C:\Users\vinicius\Desktop\projects\sistema-de-reserva\node_modules\express\lib\router\route.js:119:3)
    at Layer.handle [as handle_request] (C:\Users\vinicius\Desktop\projects\sistema-de-reserva\node_modules\express\lib\router\layer.js:95:5)
    at C:\Users\vinicius\Desktop\projects\sistema-de-reserva\node_modules\express\lib\router\index.js:284:15
    at Function.process_params (C:\Users\vinicius\Desktop\projects\sistema-de-reserva\node_modules\express\lib\router\index.js:346:12)
    at next (C:\Users\vinicius\Desktop\projects\sistema-de-reserva\node_modules\express\lib\router\index.js:280:10)
    at urlencodedParser (C:\Users\vinicius\Desktop\projects\sistema-de-reserva\node_modules\body-parser\lib\types\urlencoded.js:94:7)
    at Layer.handle [as handle_request] (C:\Users\vinicius\Desktop\projects\sistema-de-reserva\node_modules\express\lib\router\layer.js:95:5)
-------------------
2024-12-14 01:00:37 [ERROR]: stack stack
2024-12-14 01:01:26 [ERROR]: stack stack
 2024-12-14 01:01:54 [ERROR]: stack stack
             teste 2024-12-14 01:02:01 [ERROR]: stack stack

2024-12-14 01:02:12 [ERROR]: stack stack
2024-12-14 01:03:31 [ERROR]: stack stack
--- STACK TRACE ---
Error: stack
    at C:\Users\vinicius\Desktop\projects\sistema-de-reserva\src\server.js:47:11
    at Layer.handle [as handle_request] (C:\Users\vinicius\Desktop\projects\sistema-de-reserva\node_modules\express\lib\router\layer.js:95:5)
    at next (C:\Users\vinicius\Desktop\projects\sistema-de-reserva\node_modules\express\lib\router\route.js:149:13)
    at Route.dispatch (C:\Users\vinicius\Desktop\projects\sistema-de-reserva\node_modules\express\lib\router\route.js:119:3)
    at Layer.handle [as handle_request] (C:\Users\vinicius\Desktop\projects\sistema-de-reserva\node_modules\express\lib\router\layer.js:95:5)
    at C:\Users\vinicius\Desktop\projects\sistema-de-reserva\node_modules\express\lib\router\index.js:284:15
    at Function.process_params (C:\Users\vinicius\Desktop\projects\sistema-de-reserva\node_modules\express\lib\router\index.js:346:12)
    at next (C:\Users\vinicius\Desktop\projects\sistema-de-reserva\node_modules\express\lib\router\index.js:280:10)
    at urlencodedParser (C:\Users\vinicius\Desktop\projects\sistema-de-reserva\node_modules\body-parser\lib\types\urlencoded.js:94:7)
    at Layer.handle [as handle_request] (C:\Users\vinicius\Desktop\projects\sistema-de-reserva\node_modules\express\lib\router\layer.js:95:5)
-------------------
2024-12-14 01:06:27 [error]: stack stack
--- STACK TRACE ---
Error: stack
    at C:\Users\vinicius\Desktop\projects\sistema-de-reserva\src\server.js:47:11
    at Layer.handle [as handle_request] (C:\Users\vinicius\Desktop\projects\sistema-de-reserva\node_modules\express\lib\router\layer.js:95:5)
    at next (C:\Users\vinicius\Desktop\projects\sistema-de-reserva\node_modules\express\lib\router\route.js:149:13)
    at Route.dispatch (C:\Users\vinicius\Desktop\projects\sistema-de-reserva\node_modules\express\lib\router\route.js:119:3)
    at Layer.handle [as handle_request] (C:\Users\vinicius\Desktop\projects\sistema-de-reserva\node_modules\express\lib\router\layer.js:95:5)
    at C:\Users\vinicius\Desktop\projects\sistema-de-reserva\node_modules\express\lib\router\index.js:284:15
    at Function.process_params (C:\Users\vinicius\Desktop\projects\sistema-de-reserva\node_modules\express\lib\router\index.js:346:12)
    at next (C:\Users\vinicius\Desktop\projects\sistema-de-reserva\node_modules\express\lib\router\index.js:280:10)
    at urlencodedParser (C:\Users\vinicius\Desktop\projects\sistema-de-reserva\node_modules\body-parser\lib\types\urlencoded.js:94:7)
    at Layer.handle [as handle_request] (C:\Users\vinicius\Desktop\projects\sistema-de-reserva\node_modules\express\lib\router\layer.js:95:5)
-------------------
2024-12-14 01:06:29 [error]: stack stack
--- STACK TRACE ---
Error: stack
    at C:\Users\vinicius\Desktop\projects\sistema-de-reserva\src\server.js:47:11
    at Layer.handle [as handle_request] (C:\Users\vinicius\Desktop\projects\sistema-de-reserva\node_modules\express\lib\router\layer.js:95:5)
    at next (C:\Users\vinicius\Desktop\projects\sistema-de-reserva\node_modules\express\lib\router\route.js:149:13)
    at Route.dispatch (C:\Users\vinicius\Desktop\projects\sistema-de-reserva\node_modules\express\lib\router\route.js:119:3)
    at Layer.handle [as handle_request] (C:\Users\vinicius\Desktop\projects\sistema-de-reserva\node_modules\express\lib\router\layer.js:95:5)
    at C:\Users\vinicius\Desktop\projects\sistema-de-reserva\node_modules\express\lib\router\index.js:284:15
    at Function.process_params (C:\Users\vinicius\Desktop\projects\sistema-de-reserva\node_modules\express\lib\router\index.js:346:12)
    at next (C:\Users\vinicius\Desktop\projects\sistema-de-reserva\node_modules\express\lib\router\index.js:280:10)
    at urlencodedParser (C:\Users\vinicius\Desktop\projects\sistema-de-reserva\node_modules\body-parser\lib\types\urlencoded.js:94:7)
    at Layer.handle [as handle_request] (C:\Users\vinicius\Desktop\projects\sistema-de-reserva\node_modules\express\lib\router\layer.js:95:5)
-------------------
2024-12-14 01:06:55 [error]: stack stack
--- STACK TRACE ---
Error: stack
    at C:\Users\vinicius\Desktop\projects\sistema-de-reserva\src\server.js:47:11
    at Layer.handle [as handle_request] (C:\Users\vinicius\Desktop\projects\sistema-de-reserva\node_modules\express\lib\router\layer.js:95:5)
    at next (C:\Users\vinicius\Desktop\projects\sistema-de-reserva\node_modules\express\lib\router\route.js:149:13)
    at Route.dispatch (C:\Users\vinicius\Desktop\projects\sistema-de-reserva\node_modules\express\lib\router\route.js:119:3)
    at Layer.handle [as handle_request] (C:\Users\vinicius\Desktop\projects\sistema-de-reserva\node_modules\express\lib\router\layer.js:95:5)
    at C:\Users\vinicius\Desktop\projects\sistema-de-reserva\node_modules\express\lib\router\index.js:284:15
    at Function.process_params (C:\Users\vinicius\Desktop\projects\sistema-de-reserva\node_modules\express\lib\router\index.js:346:12)
    at next (C:\Users\vinicius\Desktop\projects\sistema-de-reserva\node_modules\express\lib\router\index.js:280:10)
    at urlencodedParser (C:\Users\vinicius\Desktop\projects\sistema-de-reserva\node_modules\body-parser\lib\types\urlencoded.js:94:7)
    at Layer.handle [as handle_request] (C:\Users\vinicius\Desktop\projects\sistema-de-reserva\node_modules\express\lib\router\layer.js:95:5)
-------------------
2024-12-14 01:06:56 [error]: stack stack
--- STACK TRACE ---
Error: stack
    at C:\Users\vinicius\Desktop\projects\sistema-de-reserva\src\server.js:47:11
    at Layer.handle [as handle_request] (C:\Users\vinicius\Desktop\projects\sistema-de-reserva\node_modules\express\lib\router\layer.js:95:5)
    at next (C:\Users\vinicius\Desktop\projects\sistema-de-reserva\node_modules\express\lib\router\route.js:149:13)
    at Route.dispatch (C:\Users\vinicius\Desktop\projects\sistema-de-reserva\node_modules\express\lib\router\route.js:119:3)
    at Layer.handle [as handle_request] (C:\Users\vinicius\Desktop\projects\sistema-de-reserva\node_modules\express\lib\router\layer.js:95:5)
    at C:\Users\vinicius\Desktop\projects\sistema-de-reserva\node_modules\express\lib\router\index.js:284:15
    at Function.process_params (C:\Users\vinicius\Desktop\projects\sistema-de-reserva\node_modules\express\lib\router\index.js:346:12)
    at next (C:\Users\vinicius\Desktop\projects\sistema-de-reserva\node_modules\express\lib\router\index.js:280:10)
    at urlencodedParser (C:\Users\vinicius\Desktop\projects\sistema-de-reserva\node_modules\body-parser\lib\types\urlencoded.js:94:7)
    at Layer.handle [as handle_request] (C:\Users\vinicius\Desktop\projects\sistema-de-reserva\node_modules\express\lib\router\layer.js:95:5)
-------------------
2024-12-14 01:07:29 [ERROR]: stack stack
--- STACK TRACE ---
Error: stack
    at C:\Users\vinicius\Desktop\projects\sistema-de-reserva\src\server.js:47:11
    at Layer.handle [as handle_request] (C:\Users\vinicius\Desktop\projects\sistema-de-reserva\node_modules\express\lib\router\layer.js:95:5)
    at next (C:\Users\vinicius\Desktop\projects\sistema-de-reserva\node_modules\express\lib\router\route.js:149:13)
    at Route.dispatch (C:\Users\vinicius\Desktop\projects\sistema-de-reserva\node_modules\express\lib\router\route.js:119:3)
    at Layer.handle [as handle_request] (C:\Users\vinicius\Desktop\projects\sistema-de-reserva\node_modules\express\lib\router\layer.js:95:5)
    at C:\Users\vinicius\Desktop\projects\sistema-de-reserva\node_modules\express\lib\router\index.js:284:15
    at Function.process_params (C:\Users\vinicius\Desktop\projects\sistema-de-reserva\node_modules\express\lib\router\index.js:346:12)
    at next (C:\Users\vinicius\Desktop\projects\sistema-de-reserva\node_modules\express\lib\router\index.js:280:10)
    at urlencodedParser (C:\Users\vinicius\Desktop\projects\sistema-de-reserva\node_modules\body-parser\lib\types\urlencoded.js:94:7)
    at Layer.handle [as handle_request] (C:\Users\vinicius\Desktop\projects\sistema-de-reserva\node_modules\express\lib\router\layer.js:95:5)
-------------------
2024-12-14 01:09:25 [INFO]: Fetching all customer
2024-12-14 01:09:41 [INFO]: Fetching all customer
2024-12-14 01:09:41 [ERROR]: Error to fetching customers testando na lista testando na lista
--- STACK TRACE ---
Error: testando na lista
    at CustomerController.getCustomers (C:\Users\vinicius\Desktop\projects\sistema-de-reserva\src\controller\CustomerController.js:12:19)
    at C:\Users\vinicius\Desktop\projects\sistema-de-reserva\src\routes\customer.js:8:24
    at Layer.handle [as handle_request] (C:\Users\vinicius\Desktop\projects\sistema-de-reserva\node_modules\express\lib\router\layer.js:95:5)
    at next (C:\Users\vinicius\Desktop\projects\sistema-de-reserva\node_modules\express\lib\router\route.js:149:13)
    at Route.dispatch (C:\Users\vinicius\Desktop\projects\sistema-de-reserva\node_modules\express\lib\router\route.js:119:3)
    at Layer.handle [as handle_request] (C:\Users\vinicius\Desktop\projects\sistema-de-reserva\node_modules\express\lib\router\layer.js:95:5)
    at C:\Users\vinicius\Desktop\projects\sistema-de-reserva\node_modules\express\lib\router\index.js:284:15
    at Function.process_params (C:\Users\vinicius\Desktop\projects\sistema-de-reserva\node_modules\express\lib\router\index.js:346:12)
    at next (C:\Users\vinicius\Desktop\projects\sistema-de-reserva\node_modules\express\lib\router\index.js:280:10)
    at Function.handle (C:\Users\vinicius\Desktop\projects\sistema-de-reserva\node_modules\express\lib\router\index.js:175:3)
-------------------
2024-12-14 01:09:42 [ERROR]: testando na lista testando na lista
--- STACK TRACE ---
Error: testando na lista
    at CustomerController.getCustomers (C:\Users\vinicius\Desktop\projects\sistema-de-reserva\src\controller\CustomerController.js:12:19)
    at C:\Users\vinicius\Desktop\projects\sistema-de-reserva\src\routes\customer.js:8:24
    at Layer.handle [as handle_request] (C:\Users\vinicius\Desktop\projects\sistema-de-reserva\node_modules\express\lib\router\layer.js:95:5)
    at next (C:\Users\vinicius\Desktop\projects\sistema-de-reserva\node_modules\express\lib\router\route.js:149:13)
    at Route.dispatch (C:\Users\vinicius\Desktop\projects\sistema-de-reserva\node_modules\express\lib\router\route.js:119:3)
    at Layer.handle [as handle_request] (C:\Users\vinicius\Desktop\projects\sistema-de-reserva\node_modules\express\lib\router\layer.js:95:5)
    at C:\Users\vinicius\Desktop\projects\sistema-de-reserva\node_modules\express\lib\router\index.js:284:15
    at Function.process_params (C:\Users\vinicius\Desktop\projects\sistema-de-reserva\node_modules\express\lib\router\index.js:346:12)
    at next (C:\Users\vinicius\Desktop\projects\sistema-de-reserva\node_modules\express\lib\router\index.js:280:10)
    at Function.handle (C:\Users\vinicius\Desktop\projects\sistema-de-reserva\node_modules\express\lib\router\index.js:175:3)
-------------------
2024-12-14 01:10:04 [INFO]: Fetching all customer
2024-12-14 01:10:04 [ERROR]: Error to fetching customers testando na lista testando na lista
--- STACK TRACE ---
Error: testando na lista
    at CustomerController.getCustomers (C:\Users\vinicius\Desktop\projects\sistema-de-reserva\src\controller\CustomerController.js:12:19)
    at C:\Users\vinicius\Desktop\projects\sistema-de-reserva\src\routes\customer.js:8:24
    at Layer.handle [as handle_request] (C:\Users\vinicius\Desktop\projects\sistema-de-reserva\node_modules\express\lib\router\layer.js:95:5)
    at next (C:\Users\vinicius\Desktop\projects\sistema-de-reserva\node_modules\express\lib\router\route.js:149:13)
    at Route.dispatch (C:\Users\vinicius\Desktop\projects\sistema-de-reserva\node_modules\express\lib\router\route.js:119:3)
    at Layer.handle [as handle_request] (C:\Users\vinicius\Desktop\projects\sistema-de-reserva\node_modules\express\lib\router\layer.js:95:5)
    at C:\Users\vinicius\Desktop\projects\sistema-de-reserva\node_modules\express\lib\router\index.js:284:15
    at Function.process_params (C:\Users\vinicius\Desktop\projects\sistema-de-reserva\node_modules\express\lib\router\index.js:346:12)
    at next (C:\Users\vinicius\Desktop\projects\sistema-de-reserva\node_modules\express\lib\router\index.js:280:10)
    at Function.handle (C:\Users\vinicius\Desktop\projects\sistema-de-reserva\node_modules\express\lib\router\index.js:175:3)
-------------------
2024-12-14 01:10:04 [ERROR]: testando na lista testando na lista
--- STACK TRACE ---
Error: testando na lista
    at CustomerController.getCustomers (C:\Users\vinicius\Desktop\projects\sistema-de-reserva\src\controller\CustomerController.js:12:19)
    at C:\Users\vinicius\Desktop\projects\sistema-de-reserva\src\routes\customer.js:8:24
    at Layer.handle [as handle_request] (C:\Users\vinicius\Desktop\projects\sistema-de-reserva\node_modules\express\lib\router\layer.js:95:5)
    at next (C:\Users\vinicius\Desktop\projects\sistema-de-reserva\node_modules\express\lib\router\route.js:149:13)
    at Route.dispatch (C:\Users\vinicius\Desktop\projects\sistema-de-reserva\node_modules\express\lib\router\route.js:119:3)
    at Layer.handle [as handle_request] (C:\Users\vinicius\Desktop\projects\sistema-de-reserva\node_modules\express\lib\router\layer.js:95:5)
    at C:\Users\vinicius\Desktop\projects\sistema-de-reserva\node_modules\express\lib\router\index.js:284:15
    at Function.process_params (C:\Users\vinicius\Desktop\projects\sistema-de-reserva\node_modules\express\lib\router\index.js:346:12)
    at next (C:\Users\vinicius\Desktop\projects\sistema-de-reserva\node_modules\express\lib\router\index.js:280:10)
    at Function.handle (C:\Users\vinicius\Desktop\projects\sistema-de-reserva\node_modules\express\lib\router\index.js:175:3)
-------------------
2024-12-14 01:10:22 [INFO]: Fetching all customer
2024-12-14 01:10:22 [ERROR]: Error to fetching customers testando na testando na
--- STACK TRACE ---
Error: testando na
    at CustomerController.getCustomers (C:\Users\vinicius\Desktop\projects\sistema-de-reserva\src\controller\CustomerController.js:12:19)
    at C:\Users\vinicius\Desktop\projects\sistema-de-reserva\src\routes\customer.js:8:24
    at Layer.handle [as handle_request] (C:\Users\vinicius\Desktop\projects\sistema-de-reserva\node_modules\express\lib\router\layer.js:95:5)
    at next (C:\Users\vinicius\Desktop\projects\sistema-de-reserva\node_modules\express\lib\router\route.js:149:13)
    at Route.dispatch (C:\Users\vinicius\Desktop\projects\sistema-de-reserva\node_modules\express\lib\router\route.js:119:3)
    at Layer.handle [as handle_request] (C:\Users\vinicius\Desktop\projects\sistema-de-reserva\node_modules\express\lib\router\layer.js:95:5)
    at C:\Users\vinicius\Desktop\projects\sistema-de-reserva\node_modules\express\lib\router\index.js:284:15
    at Function.process_params (C:\Users\vinicius\Desktop\projects\sistema-de-reserva\node_modules\express\lib\router\index.js:346:12)
    at next (C:\Users\vinicius\Desktop\projects\sistema-de-reserva\node_modules\express\lib\router\index.js:280:10)
    at Function.handle (C:\Users\vinicius\Desktop\projects\sistema-de-reserva\node_modules\express\lib\router\index.js:175:3)
-------------------
2024-12-14 01:10:22 [ERROR]: testando na testando na
--- STACK TRACE ---
Error: testando na
    at CustomerController.getCustomers (C:\Users\vinicius\Desktop\projects\sistema-de-reserva\src\controller\CustomerController.js:12:19)
    at C:\Users\vinicius\Desktop\projects\sistema-de-reserva\src\routes\customer.js:8:24
    at Layer.handle [as handle_request] (C:\Users\vinicius\Desktop\projects\sistema-de-reserva\node_modules\express\lib\router\layer.js:95:5)
    at next (C:\Users\vinicius\Desktop\projects\sistema-de-reserva\node_modules\express\lib\router\route.js:149:13)
    at Route.dispatch (C:\Users\vinicius\Desktop\projects\sistema-de-reserva\node_modules\express\lib\router\route.js:119:3)
    at Layer.handle [as handle_request] (C:\Users\vinicius\Desktop\projects\sistema-de-reserva\node_modules\express\lib\router\layer.js:95:5)
    at C:\Users\vinicius\Desktop\projects\sistema-de-reserva\node_modules\express\lib\router\index.js:284:15
    at Function.process_params (C:\Users\vinicius\Desktop\projects\sistema-de-reserva\node_modules\express\lib\router\index.js:346:12)
    at next (C:\Users\vinicius\Desktop\projects\sistema-de-reserva\node_modules\express\lib\router\index.js:280:10)
    at Function.handle (C:\Users\vinicius\Desktop\projects\sistema-de-reserva\node_modules\express\lib\router\index.js:175:3)
-------------------
2024-12-14 01:10:24 [INFO]: Fetching all customer
2024-12-14 01:10:24 [ERROR]: Error to fetching customers testando na testando na
--- STACK TRACE ---
Error: testando na
    at CustomerController.getCustomers (C:\Users\vinicius\Desktop\projects\sistema-de-reserva\src\controller\CustomerController.js:12:19)
    at C:\Users\vinicius\Desktop\projects\sistema-de-reserva\src\routes\customer.js:8:24
    at Layer.handle [as handle_request] (C:\Users\vinicius\Desktop\projects\sistema-de-reserva\node_modules\express\lib\router\layer.js:95:5)
    at next (C:\Users\vinicius\Desktop\projects\sistema-de-reserva\node_modules\express\lib\router\route.js:149:13)
    at Route.dispatch (C:\Users\vinicius\Desktop\projects\sistema-de-reserva\node_modules\express\lib\router\route.js:119:3)
    at Layer.handle [as handle_request] (C:\Users\vinicius\Desktop\projects\sistema-de-reserva\node_modules\express\lib\router\layer.js:95:5)
    at C:\Users\vinicius\Desktop\projects\sistema-de-reserva\node_modules\express\lib\router\index.js:284:15
    at Function.process_params (C:\Users\vinicius\Desktop\projects\sistema-de-reserva\node_modules\express\lib\router\index.js:346:12)
    at next (C:\Users\vinicius\Desktop\projects\sistema-de-reserva\node_modules\express\lib\router\index.js:280:10)
    at Function.handle (C:\Users\vinicius\Desktop\projects\sistema-de-reserva\node_modules\express\lib\router\index.js:175:3)
-------------------
2024-12-14 01:10:24 [ERROR]: testando na testando na
--- STACK TRACE ---
Error: testando na
    at CustomerController.getCustomers (C:\Users\vinicius\Desktop\projects\sistema-de-reserva\src\controller\CustomerController.js:12:19)
    at C:\Users\vinicius\Desktop\projects\sistema-de-reserva\src\routes\customer.js:8:24
    at Layer.handle [as handle_request] (C:\Users\vinicius\Desktop\projects\sistema-de-reserva\node_modules\express\lib\router\layer.js:95:5)
    at next (C:\Users\vinicius\Desktop\projects\sistema-de-reserva\node_modules\express\lib\router\route.js:149:13)
    at Route.dispatch (C:\Users\vinicius\Desktop\projects\sistema-de-reserva\node_modules\express\lib\router\route.js:119:3)
    at Layer.handle [as handle_request] (C:\Users\vinicius\Desktop\projects\sistema-de-reserva\node_modules\express\lib\router\layer.js:95:5)
    at C:\Users\vinicius\Desktop\projects\sistema-de-reserva\node_modules\express\lib\router\index.js:284:15
    at Function.process_params (C:\Users\vinicius\Desktop\projects\sistema-de-reserva\node_modules\express\lib\router\index.js:346:12)
    at next (C:\Users\vinicius\Desktop\projects\sistema-de-reserva\node_modules\express\lib\router\index.js:280:10)
    at Function.handle (C:\Users\vinicius\Desktop\projects\sistema-de-reserva\node_modules\express\lib\router\index.js:175:3)
-------------------
2024-12-14 01:11:36 [INFO]: Fetching all customer
2024-12-14 01:11:37 [INFO]: Found 1 customers
2024-12-14 01:11:38 [INFO]: Rendering edit customer page
2024-12-14 01:11:38 [INFO]: Rendering edit page for customer with ID 09351669-300c-4586-9ae7-ce744319ea1f
2024-12-14 01:11:49 [INFO]: Fetching all customer
2024-12-14 01:11:49 [INFO]: Found 1 customers
2024-12-14 01:11:52 [INFO]: Rendering create customer page
2024-12-14 01:12:01 [INFO]: Creating a new customer
2024-12-14 01:12:02 [INFO]: Customer with CPF 111.111.111-87 successfully created
2024-12-14 01:12:02 [INFO]: Rendering create customer page
2024-12-14 01:12:03 [INFO]: Fetching all customer
2024-12-14 01:12:03 [INFO]: Found 2 customers
2024-12-14 01:12:05 [INFO]: Rendering edit customer page
2024-12-14 01:12:05 [INFO]: Rendering edit page for customer with ID b192217f-e0ce-4b6c-90b9-c7d8f1df42a9
2024-12-14 01:12:07 [INFO]: Editing an customer
2024-12-14 01:12:07 [WARN]: CPF 111.111.111-86 already in use by another customer
2024-12-14 01:12:07 [INFO]: Rendering edit customer page
2024-12-14 01:12:08 [INFO]: Rendering edit page for customer with ID b192217f-e0ce-4b6c-90b9-c7d8f1df42a9
2024-12-14 01:15:58 [INFO]: Fetching all customer
2024-12-14 01:15:58 [ERROR]: Error to fetching customers testando logger testando logger
--- STACK TRACE ---
Error: testando logger
    at CustomerController.getCustomers (C:\Users\vinicius\Desktop\projects\sistema-de-reserva\src\controller\CustomerController.js:12:19)
    at C:\Users\vinicius\Desktop\projects\sistema-de-reserva\src\routes\customer.js:8:24
    at Layer.handle [as handle_request] (C:\Users\vinicius\Desktop\projects\sistema-de-reserva\node_modules\express\lib\router\layer.js:95:5)
    at next (C:\Users\vinicius\Desktop\projects\sistema-de-reserva\node_modules\express\lib\router\route.js:149:13)
    at Route.dispatch (C:\Users\vinicius\Desktop\projects\sistema-de-reserva\node_modules\express\lib\router\route.js:119:3)
    at Layer.handle [as handle_request] (C:\Users\vinicius\Desktop\projects\sistema-de-reserva\node_modules\express\lib\router\layer.js:95:5)
    at C:\Users\vinicius\Desktop\projects\sistema-de-reserva\node_modules\express\lib\router\index.js:284:15
    at Function.process_params (C:\Users\vinicius\Desktop\projects\sistema-de-reserva\node_modules\express\lib\router\index.js:346:12)
    at next (C:\Users\vinicius\Desktop\projects\sistema-de-reserva\node_modules\express\lib\router\index.js:280:10)
    at Function.handle (C:\Users\vinicius\Desktop\projects\sistema-de-reserva\node_modules\express\lib\router\index.js:175:3)
-------------------
2024-12-14 01:16:39 [INFO]: Fetching all customer
2024-12-14 01:16:39 [ERROR]: Error to fetching customers testando logger
--- STACK TRACE ---
Error: testando logger
    at CustomerController.getCustomers (C:\Users\vinicius\Desktop\projects\sistema-de-reserva\src\controller\CustomerController.js:12:19)
    at C:\Users\vinicius\Desktop\projects\sistema-de-reserva\src\routes\customer.js:8:24
    at Layer.handle [as handle_request] (C:\Users\vinicius\Desktop\projects\sistema-de-reserva\node_modules\express\lib\router\layer.js:95:5)
    at next (C:\Users\vinicius\Desktop\projects\sistema-de-reserva\node_modules\express\lib\router\route.js:149:13)
    at Route.dispatch (C:\Users\vinicius\Desktop\projects\sistema-de-reserva\node_modules\express\lib\router\route.js:119:3)
    at Layer.handle [as handle_request] (C:\Users\vinicius\Desktop\projects\sistema-de-reserva\node_modules\express\lib\router\layer.js:95:5)
    at C:\Users\vinicius\Desktop\projects\sistema-de-reserva\node_modules\express\lib\router\index.js:284:15
    at Function.process_params (C:\Users\vinicius\Desktop\projects\sistema-de-reserva\node_modules\express\lib\router\index.js:346:12)
    at next (C:\Users\vinicius\Desktop\projects\sistema-de-reserva\node_modules\express\lib\router\index.js:280:10)
    at Function.handle (C:\Users\vinicius\Desktop\projects\sistema-de-reserva\node_modules\express\lib\router\index.js:175:3)
-------------------
2024-12-14 01:17:00 [INFO]: Fetching all customer
2024-12-14 01:17:00 [ERROR]: Error to fetching customers: testando logger
--- STACK TRACE ---
Error: testando logger
    at CustomerController.getCustomers (C:\Users\vinicius\Desktop\projects\sistema-de-reserva\src\controller\CustomerController.js:12:19)
    at C:\Users\vinicius\Desktop\projects\sistema-de-reserva\src\routes\customer.js:8:24
    at Layer.handle [as handle_request] (C:\Users\vinicius\Desktop\projects\sistema-de-reserva\node_modules\express\lib\router\layer.js:95:5)
    at next (C:\Users\vinicius\Desktop\projects\sistema-de-reserva\node_modules\express\lib\router\route.js:149:13)
    at Route.dispatch (C:\Users\vinicius\Desktop\projects\sistema-de-reserva\node_modules\express\lib\router\route.js:119:3)
    at Layer.handle [as handle_request] (C:\Users\vinicius\Desktop\projects\sistema-de-reserva\node_modules\express\lib\router\layer.js:95:5)
    at C:\Users\vinicius\Desktop\projects\sistema-de-reserva\node_modules\express\lib\router\index.js:284:15
    at Function.process_params (C:\Users\vinicius\Desktop\projects\sistema-de-reserva\node_modules\express\lib\router\index.js:346:12)
    at next (C:\Users\vinicius\Desktop\projects\sistema-de-reserva\node_modules\express\lib\router\index.js:280:10)
    at Function.handle (C:\Users\vinicius\Desktop\projects\sistema-de-reserva\node_modules\express\lib\router\index.js:175:3)
-------------------
2024-12-14 01:17:55 [INFO]: Fetching all customer
2024-12-14 01:17:55 [ERROR]: Error to fetching customers: testando logger
--- STACK TRACE ---
Error: testando logger
    at CustomerController.getCustomers (C:\Users\vinicius\Desktop\projects\sistema-de-reserva\src\controller\CustomerController.js:12:19)
    at C:\Users\vinicius\Desktop\projects\sistema-de-reserva\src\routes\customer.js:8:24
    at Layer.handle [as handle_request] (C:\Users\vinicius\Desktop\projects\sistema-de-reserva\node_modules\express\lib\router\layer.js:95:5)
    at next (C:\Users\vinicius\Desktop\projects\sistema-de-reserva\node_modules\express\lib\router\route.js:149:13)
    at Route.dispatch (C:\Users\vinicius\Desktop\projects\sistema-de-reserva\node_modules\express\lib\router\route.js:119:3)
    at Layer.handle [as handle_request] (C:\Users\vinicius\Desktop\projects\sistema-de-reserva\node_modules\express\lib\router\layer.js:95:5)
    at C:\Users\vinicius\Desktop\projects\sistema-de-reserva\node_modules\express\lib\router\index.js:284:15
    at Function.process_params (C:\Users\vinicius\Desktop\projects\sistema-de-reserva\node_modules\express\lib\router\index.js:346:12)
    at next (C:\Users\vinicius\Desktop\projects\sistema-de-reserva\node_modules\express\lib\router\index.js:280:10)
    at Function.handle (C:\Users\vinicius\Desktop\projects\sistema-de-reserva\node_modules\express\lib\router\index.js:175:3)
-------------------
2024-12-14 01:19:28 [INFO]: Fetching all customer
2024-12-14 01:19:28 [INFO]: Found 2 customers
2024-12-14 01:19:30 [INFO]: Rendering create customer page
2024-12-14 01:19:40 [INFO]: Rendering create customer page
2024-12-14 01:19:51 [INFO]: Rendering create customer page
2024-12-14 01:19:51 [ERROR]: Error rendering create customer page: testando na lista
--- STACK TRACE ---
Error: testando na lista
    at CustomerController.getPageCreate (C:\Users\vinicius\Desktop\projects\sistema-de-reserva\src\controller\CustomerController.js:28:19)
    at C:\Users\vinicius\Desktop\projects\sistema-de-reserva\src\routes\customer.js:12:24
    at Layer.handle [as handle_request] (C:\Users\vinicius\Desktop\projects\sistema-de-reserva\node_modules\express\lib\router\layer.js:95:5)
    at next (C:\Users\vinicius\Desktop\projects\sistema-de-reserva\node_modules\express\lib\router\route.js:149:13)
    at Route.dispatch (C:\Users\vinicius\Desktop\projects\sistema-de-reserva\node_modules\express\lib\router\route.js:119:3)
    at Layer.handle [as handle_request] (C:\Users\vinicius\Desktop\projects\sistema-de-reserva\node_modules\express\lib\router\layer.js:95:5)
    at C:\Users\vinicius\Desktop\projects\sistema-de-reserva\node_modules\express\lib\router\index.js:284:15
    at Function.process_params (C:\Users\vinicius\Desktop\projects\sistema-de-reserva\node_modules\express\lib\router\index.js:346:12)
    at next (C:\Users\vinicius\Desktop\projects\sistema-de-reserva\node_modules\express\lib\router\index.js:280:10)
    at Function.handle (C:\Users\vinicius\Desktop\projects\sistema-de-reserva\node_modules\express\lib\router\index.js:175:3)
-------------------
2024-12-14 01:22:06 [INFO]: Fetching all employees
2024-12-14 01:22:06 [INFO]: Found 3 employees
2024-12-14 01:22:07 [INFO]: Fetching employee details
2024-12-14 01:22:07 [INFO]: Employee details fetched for ID 98ab2c8f-4c1b-4ee6-b137-50ddde82bc37
2024-12-14 01:22:08 [INFO]: Fetching all employees
2024-12-14 01:22:08 [INFO]: Found 3 employees
2024-12-14 01:22:09 [INFO]: Rendering edit employee page
2024-12-14 01:22:09 [INFO]: Rendering edit page for employee with ID 98ab2c8f-4c1b-4ee6-b137-50ddde82bc37
2024-12-14 01:22:10 [INFO]: Fetching all employees
2024-12-14 01:22:10 [INFO]: Found 3 employees
2024-12-14 01:22:12 [INFO]: Deleting an employee
2024-12-14 01:22:12 [INFO]: Employee with ID 98ab2c8f-4c1b-4ee6-b137-50ddde82bc37 successfully deleted
2024-12-14 01:22:12 [INFO]: Fetching all employees
2024-12-14 01:22:12 [INFO]: Found 2 employees
2024-12-14 01:22:14 [INFO]: Rendering edit employee page
2024-12-14 01:22:14 [INFO]: Rendering edit page for employee with ID a5a6b401-1722-44ef-b1c9-b26f624f9fd9
2024-12-14 01:22:19 [INFO]: Editing an employee
2024-12-14 01:22:19 [WARN]: CPF 342.488.358-17 already in use by another employee
2024-12-14 01:22:19 [INFO]: Rendering edit employee page
2024-12-14 01:22:19 [INFO]: Rendering edit page for employee with ID a5a6b401-1722-44ef-b1c9-b26f624f9fd9
2024-12-14 01:22:20 [INFO]: Fetching all employees
2024-12-14 01:22:20 [INFO]: Found 2 employees
2024-12-14 12:04:36 [INFO]: Fetching all employees
2024-12-14 12:04:38 [INFO]: Found 2 employees
2024-12-14 12:04:41 [INFO]: Fetching all customer
2024-12-14 12:04:42 [INFO]: Found 2 customers
2024-12-14 12:04:43 [INFO]: Fetching all employees
2024-12-14 12:04:43 [INFO]: Found 2 employees
2024-12-14 12:04:44 [INFO]: Fetching all customer
2024-12-14 12:04:44 [INFO]: Found 2 customers
2024-12-14 12:04:44 [INFO]: Fetching all employees
2024-12-14 12:04:44 [INFO]: Found 2 employees
2024-12-14 12:04:44 [INFO]: Fetching all customer
2024-12-14 12:04:44 [INFO]: Found 2 customers
2024-12-14 12:04:47 [INFO]: Fetching all employees
2024-12-14 12:04:47 [INFO]: Found 2 employees
2024-12-14 12:04:48 [INFO]: Fetching all customer
2024-12-14 12:04:48 [INFO]: Found 2 customers
2024-12-14 12:04:49 [INFO]: Fetching all employees
2024-12-14 12:04:49 [INFO]: Found 2 employees
2024-12-14 12:04:49 [INFO]: Fetching all customer
2024-12-14 12:04:49 [INFO]: Found 2 customers
2024-12-14 12:04:49 [INFO]: Fetching all employees
2024-12-14 12:04:49 [INFO]: Found 2 employees
2024-12-14 12:04:50 [INFO]: Fetching all customer
2024-12-14 12:04:50 [INFO]: Found 2 customers
2024-12-14 12:04:50 [INFO]: Fetching all employees
2024-12-14 12:04:50 [INFO]: Found 2 employees
2024-12-14 12:04:50 [INFO]: Fetching all employees
2024-12-14 12:04:50 [INFO]: Found 2 employees
2024-12-14 12:04:50 [INFO]: Fetching all customer
2024-12-14 12:04:51 [INFO]: Found 2 customers
2024-12-14 12:04:51 [INFO]: Fetching all employees
2024-12-14 12:04:51 [INFO]: Found 2 employees
2024-12-14 12:04:51 [INFO]: Fetching all customer
2024-12-14 12:04:51 [INFO]: Found 2 customers
2024-12-14 12:04:51 [INFO]: Fetching all employees
2024-12-14 12:04:51 [INFO]: Found 2 employees
2024-12-14 12:04:51 [INFO]: Fetching all customer
2024-12-14 12:04:51 [INFO]: Found 2 customers
2024-12-14 12:04:52 [INFO]: Fetching all employees
2024-12-14 12:04:52 [INFO]: Found 2 employees
2024-12-14 12:04:52 [INFO]: Fetching all employees
2024-12-14 12:04:52 [INFO]: Found 2 employees
2024-12-14 12:04:58 [INFO]: Fetching all customer
2024-12-14 12:04:58 [INFO]: Found 2 customers
2024-12-14 12:04:59 [INFO]: Fetching all employees
2024-12-14 12:04:59 [INFO]: Found 2 employees
2024-12-14 12:05:01 [INFO]: Fetching all employees
2024-12-14 12:05:01 [INFO]: Found 2 employees
2024-12-14 12:05:02 [INFO]: Fetching all customer
2024-12-14 12:05:02 [INFO]: Found 2 customers
2024-12-14 12:05:03 [INFO]: Fetching all employees
2024-12-14 12:05:03 [INFO]: Found 2 employees
2024-12-14 12:05:05 [INFO]: Fetching all employees
2024-12-14 12:05:05 [INFO]: Found 2 employees
2024-12-14 12:05:06 [INFO]: Fetching all customer
2024-12-14 12:05:06 [INFO]: Found 2 customers
2024-12-14 12:05:30 [INFO]: Fetching all employees
2024-12-14 12:05:30 [INFO]: Found 2 employees
2024-12-14 12:47:16 [INFO]: Fetching all employees
2024-12-14 12:47:16 [INFO]: Found 2 employees
2024-12-14 12:47:17 [INFO]: Fetching all customer
2024-12-14 12:47:17 [INFO]: Found 2 customers
2024-12-14 12:59:36 [INFO]: Fetching all rooms
2024-12-14 13:00:33 [INFO]: Fetching all rooms
2024-12-14 13:00:37 [INFO]: Fetching all rooms
2024-12-14 13:01:58 [INFO]: Fetching all rooms
2024-12-14 13:01:58 [ERROR]:  Failed to lookup view "room/list" in views directory "src/views"
--- STACK TRACE ---
Error: Failed to lookup view "room/list" in views directory "src/views"
    at Function.render (C:\Users\vinicius\Desktop\projects\sistema-de-reserva\node_modules\express\lib\application.js:597:17)
    at ServerResponse.render (C:\Users\vinicius\Desktop\projects\sistema-de-reserva\node_modules\express\lib\response.js:1049:7)
    at RoomController.getRooms (C:\Users\vinicius\Desktop\projects\sistema-de-reserva\src\controller\RoomController.js:8:17)
    at C:\Users\vinicius\Desktop\projects\sistema-de-reserva\src\routes\room.js:6:20
    at Layer.handle [as handle_request] (C:\Users\vinicius\Desktop\projects\sistema-de-reserva\node_modules\express\lib\router\layer.js:95:5)
    at next (C:\Users\vinicius\Desktop\projects\sistema-de-reserva\node_modules\express\lib\router\route.js:149:13)
    at Route.dispatch (C:\Users\vinicius\Desktop\projects\sistema-de-reserva\node_modules\express\lib\router\route.js:119:3)
    at Layer.handle [as handle_request] (C:\Users\vinicius\Desktop\projects\sistema-de-reserva\node_modules\express\lib\router\layer.js:95:5)
    at C:\Users\vinicius\Desktop\projects\sistema-de-reserva\node_modules\express\lib\router\index.js:284:15
    at Function.process_params (C:\Users\vinicius\Desktop\projects\sistema-de-reserva\node_modules\express\lib\router\index.js:346:12)
-------------------
2024-12-14 13:04:44 [INFO]: Fetching all rooms
2024-12-14 13:05:35 [INFO]: Fetching all rooms
2024-12-14 13:08:23 [INFO]: Fetching all rooms
2024-12-14 13:10:11 [INFO]: Fetching all rooms
2024-12-14 13:12:25 [INFO]: Fetching all rooms
2024-12-14 13:12:38 [INFO]: Fetching all rooms
2024-12-14 13:12:48 [INFO]: Fetching all rooms
2024-12-14 13:14:08 [INFO]: Fetching all employees
2024-12-14 13:14:08 [INFO]: Found 2 employees
2024-12-14 13:14:12 [INFO]: Fetching employee details
2024-12-14 13:14:12 [INFO]: Employee details fetched for ID a5a6b401-1722-44ef-b1c9-b26f624f9fd9
2024-12-14 13:14:14 [INFO]: Fetching all employees
2024-12-14 13:14:14 [INFO]: Found 2 employees
2024-12-14 13:14:15 [INFO]: Fetching employee details
2024-12-14 13:14:15 [INFO]: Employee details fetched for ID a5a6b401-1722-44ef-b1c9-b26f624f9fd9
2024-12-14 13:14:16 [INFO]: Fetching all employees
2024-12-14 13:14:16 [INFO]: Found 2 employees
2024-12-14 13:14:17 [INFO]: Fetching employee details
2024-12-14 13:14:17 [INFO]: Employee details fetched for ID e9eed698-9479-4f35-9856-f277d5613f82
2024-12-14 13:14:18 [INFO]: Fetching all employees
2024-12-14 13:14:18 [INFO]: Found 2 employees
2024-12-14 13:14:19 [INFO]: Fetching all customer
2024-12-14 13:14:19 [INFO]: Found 2 customers
2024-12-14 13:14:20 [INFO]: Fetching customer details
2024-12-14 13:14:20 [INFO]: Customer details fetched for ID 09351669-300c-4586-9ae7-ce744319ea1f
2024-12-14 13:14:22 [INFO]: Fetching all customer
2024-12-14 13:14:22 [INFO]: Found 2 customers
2024-12-14 13:14:24 [INFO]: Fetching customer details
2024-12-14 13:14:24 [INFO]: Customer details fetched for ID b192217f-e0ce-4b6c-90b9-c7d8f1df42a9
2024-12-14 13:14:25 [INFO]: Fetching all customer
2024-12-14 13:14:25 [INFO]: Found 2 customers
2024-12-14 13:14:26 [INFO]: Fetching all employees
2024-12-14 13:14:26 [INFO]: Found 2 employees
2024-12-14 13:14:28 [INFO]: Fetching all customer
2024-12-14 13:14:28 [INFO]: Found 2 customers
2024-12-14 13:14:39 [INFO]: Fetching all rooms
2024-12-14 13:17:01 [INFO]: Fetching all rooms
2024-12-14 13:19:54 [INFO]: Fetching all rooms
2024-12-14 13:21:05 [INFO]: Fetching all rooms
2024-12-14 13:23:22 [INFO]: Fetching all rooms
2024-12-14 13:23:57 [INFO]: Fetching all rooms
2024-12-14 13:23:59 [INFO]: Fetching all customer
2024-12-14 13:23:59 [INFO]: Found 2 customers
2024-12-14 13:24:00 [INFO]: Fetching all employees
2024-12-14 13:24:00 [INFO]: Found 2 employees
2024-12-14 13:24:01 [INFO]: Fetching all customer
2024-12-14 13:24:01 [INFO]: Found 2 customers
2024-12-14 13:24:02 [INFO]: Fetching all customer
2024-12-14 13:24:02 [INFO]: Found 2 customers
2024-12-14 13:24:04 [INFO]: Fetching all customer
2024-12-14 13:24:04 [INFO]: Found 2 customers
2024-12-14 13:24:12 [INFO]: Fetching all customer
2024-12-14 13:24:12 [INFO]: Found 2 customers
2024-12-14 13:24:13 [INFO]: Fetching all rooms
2024-12-14 13:24:16 [INFO]: Fetching all customer
2024-12-14 13:24:16 [INFO]: Found 2 customers
2024-12-14 13:24:16 [INFO]: Fetching all employees
2024-12-14 13:24:16 [INFO]: Found 2 employees
2024-12-14 13:24:17 [INFO]: Fetching all rooms
2024-12-14 13:26:02 [INFO]: Fetching all rooms
2024-12-14 13:26:03 [INFO]: Fetching all rooms
2024-12-14 13:26:13 [INFO]: Fetching all rooms
2024-12-14 13:26:34 [INFO]: Fetching all rooms
2024-12-14 13:27:24 [INFO]: Fetching all rooms
2024-12-14 13:27:25 [INFO]: Fetching all rooms
2024-12-14 13:27:25 [INFO]: Fetching all rooms
2024-12-14 13:27:26 [INFO]: Fetching all rooms
2024-12-14 13:27:31 [INFO]: Fetching all rooms
2024-12-14 13:27:33 [INFO]: Fetching all employees
2024-12-14 13:27:33 [INFO]: Found 2 employees
2024-12-14 13:27:34 [INFO]: Fetching all customer
2024-12-14 13:27:34 [INFO]: Found 2 customers
2024-12-14 13:27:34 [INFO]: Fetching all rooms
2024-12-14 13:27:35 [INFO]: Fetching all customer
2024-12-14 13:27:35 [INFO]: Found 2 customers
2024-12-14 13:27:36 [INFO]: Fetching all employees
2024-12-14 13:27:36 [INFO]: Found 2 employees
2024-12-14 13:27:37 [INFO]: Fetching all customer
2024-12-14 13:27:37 [INFO]: Found 2 customers
2024-12-14 13:27:40 [INFO]: Fetching all rooms
2024-12-14 13:27:44 [INFO]: Fetching all customer
2024-12-14 13:27:44 [INFO]: Found 2 customers
2024-12-14 13:29:55 [INFO]: Fetching all employees
2024-12-14 13:29:55 [INFO]: Found 2 employees
2024-12-14 13:29:56 [INFO]: Fetching all customer
2024-12-14 13:29:56 [INFO]: Found 2 customers
2024-12-14 13:29:56 [INFO]: Fetching all rooms
2024-12-14 13:29:58 [INFO]: Fetching all employees
2024-12-14 13:29:58 [INFO]: Found 2 employees
2024-12-14 13:30:00 [INFO]: Fetching all customer
2024-12-14 13:30:00 [INFO]: Found 2 customers
2024-12-14 13:30:00 [INFO]: Fetching all rooms
2024-12-14 13:33:20 [INFO]: Fetching all rooms
2024-12-14 13:34:10 [INFO]: Fetching all rooms
2024-12-14 13:34:11 [INFO]: Rendering create room page
2024-12-14 13:36:01 [INFO]: Rendering create room page
2024-12-14 13:36:25 [INFO]: Rendering create room page
2024-12-14 13:39:07 [INFO]: Rendering create room page
2024-12-14 13:40:39 [INFO]: Rendering create room page
2024-12-14 13:40:42 [INFO]: Fetching all rooms
2024-12-14 13:40:43 [INFO]: Fetching all customer
2024-12-14 13:40:43 [INFO]: Found 2 customers
2024-12-14 13:40:44 [INFO]: Rendering create customer page
2024-12-14 13:40:45 [INFO]: Fetching all customer
2024-12-14 13:40:45 [INFO]: Found 2 customers
2024-12-14 13:40:46 [INFO]: Fetching all employees
2024-12-14 13:40:46 [INFO]: Found 2 employees
2024-12-14 13:40:47 [INFO]: Rendering create employee page
2024-12-14 13:40:49 [INFO]: Fetching all employees
2024-12-14 13:40:49 [INFO]: Found 2 employees
2024-12-14 13:40:50 [INFO]: Fetching all rooms
2024-12-14 13:40:51 [INFO]: Rendering create room page
2024-12-14 13:40:53 [INFO]: Fetching all rooms
2024-12-14 13:48:22 [INFO]: Rendering create room page
2024-12-14 13:49:59 [INFO]: Fetching all employees
2024-12-14 13:49:59 [INFO]: Found 2 employees
2024-12-14 13:50:00 [INFO]: Fetching all customer
2024-12-14 13:50:00 [INFO]: Found 2 customers
2024-12-14 13:50:00 [INFO]: Fetching all rooms
2024-12-14 13:55:34 [INFO]: Fetching all rooms
2024-12-14 13:55:34 [INFO]: Rendering create room page
2024-12-14 14:23:12 [INFO]: Rendering create room page
2024-12-14 14:24:15 [INFO]: Creating a new room
2024-12-14 14:24:30 [INFO]: Fetching all rooms
2024-12-14 14:24:30 [INFO]: Rendering create room page
2024-12-14 14:24:36 [INFO]: Creating a new room
2024-12-14 14:24:46 [INFO]: Fetching all rooms
2024-12-14 14:24:47 [INFO]: Rendering create room page
2024-12-14 14:24:52 [INFO]: Creating a new room
2024-12-14 14:24:52 [INFO]: Rendering create room page
2024-12-14 14:25:05 [INFO]: Creating a new room
2024-12-14 14:25:05 [INFO]: Rendering create room page
2024-12-14 14:26:12 [INFO]: Creating a new room
2024-12-14 14:26:12 [WARN]: Validation error: Beds must be a positive integer.
2024-12-14 14:26:12 [ERROR]: Error creating room: Cannot set headers after they are sent to the client
--- STACK TRACE ---
Error [ERR_HTTP_HEADERS_SENT]: Cannot set headers after they are sent to the client
    at ServerResponse.setHeader (node:_http_outgoing:699:11)
    at ServerResponse.header (C:\Users\vinicius\Desktop\projects\sistema-de-reserva\node_modules\express\lib\response.js:794:10)
    at ServerResponse.location (C:\Users\vinicius\Desktop\projects\sistema-de-reserva\node_modules\express\lib\response.js:925:15)
    at ServerResponse.redirect (C:\Users\vinicius\Desktop\projects\sistema-de-reserva\node_modules\express\lib\response.js:963:18)
    at RoomController.postCreateRoom (C:\Users\vinicius\Desktop\projects\sistema-de-reserva\src\controller\RoomController.js:37:17)
    at C:\Users\vinicius\Desktop\projects\sistema-de-reserva\src\routes\room.js:15:20
    at Layer.handle [as handle_request] (C:\Users\vinicius\Desktop\projects\sistema-de-reserva\node_modules\express\lib\router\layer.js:95:5)
    at next (C:\Users\vinicius\Desktop\projects\sistema-de-reserva\node_modules\express\lib\router\route.js:149:13)
    at middleware (C:\Users\vinicius\Desktop\projects\sistema-de-reserva\node_modules\express-validator\lib\middlewares\check.js:16:13)
    at process.processTicksAndRejections (node:internal/process/task_queues:105:5)
-------------------
2024-12-14 14:26:12 [INFO]: Rendering create room page
2024-12-14 14:26:12 [INFO]: Rendering create room page
2024-12-14 14:26:37 [INFO]: Creating a new room
2024-12-14 14:26:37 [WARN]: Validation error: Beds must be a positive integer.
2024-12-14 14:26:37 [INFO]: Rendering create room page
2024-12-14 14:26:48 [INFO]: Creating a new room
2024-12-14 14:26:48 [WARN]: Validation error: Floor must be an integer between 1 and 26.
2024-12-14 14:26:48 [INFO]: Rendering create room page
2024-12-14 14:26:58 [INFO]: Creating a new room
2024-12-14 14:26:58 [INFO]: Rendering create room page
2024-12-14 14:27:07 [INFO]: Creating a new room
2024-12-14 14:27:07 [INFO]: Rendering create room page
2024-12-14 14:28:06 [INFO]: Creating a new room
2024-12-14 14:28:06 [WARN]: Validation error: Invalid room type.
2024-12-14 14:28:06 [INFO]: Rendering create room page
2024-12-14 17:29:01 [INFO]: Fetching all rooms
2024-12-14 17:29:09 [INFO]: Rendering create room page
2024-12-14 17:29:26 [INFO]: Creating a new room
2024-12-14 17:29:26 [ERROR]: Error creating room: column "code" does not exist
--- STACK TRACE ---
error: column "code" does not exist
    at C:\Users\vinicius\Desktop\projects\sistema-de-reserva\node_modules\pg-pool\index.js:45:11
    at process.processTicksAndRejections (node:internal/process/task_queues:105:5)
    at async RoomModel.findByCode (C:\Users\vinicius\Desktop\projects\sistema-de-reserva\src\model\RoomModel.js:34:24)
    at async RoomController.postCreateRoom (C:\Users\vinicius\Desktop\projects\sistema-de-reserva\src\controller\RoomController.js:40:31)
-------------------
2024-12-14 17:30:07 [INFO]: Fetching all rooms
2024-12-14 17:30:08 [INFO]: Rendering create room page
2024-12-14 17:30:15 [INFO]: Creating a new room
2024-12-14 17:30:15 [ERROR]: Error creating room: column "code" does not exist
--- STACK TRACE ---
error: column "code" does not exist
    at C:\Users\vinicius\Desktop\projects\sistema-de-reserva\node_modules\pg-pool\index.js:45:11
    at process.processTicksAndRejections (node:internal/process/task_queues:105:5)
    at async RoomModel.findByCode (C:\Users\vinicius\Desktop\projects\sistema-de-reserva\src\model\RoomModel.js:34:24)
    at async RoomController.postCreateRoom (C:\Users\vinicius\Desktop\projects\sistema-de-reserva\src\controller\RoomController.js:40:31)
-------------------
2024-12-14 17:30:55 [INFO]: Fetching all rooms
2024-12-14 17:30:56 [INFO]: Rendering create room page
2024-12-14 17:31:03 [INFO]: Creating a new room
2024-12-14 17:31:04 [ERROR]: Error creating room: null value in column "id" of relation "room" violates not-null constraint
--- STACK TRACE ---
error: null value in column "id" of relation "room" violates not-null constraint
    at C:\Users\vinicius\Desktop\projects\sistema-de-reserva\node_modules\pg-pool\index.js:45:11
    at process.processTicksAndRejections (node:internal/process/task_queues:105:5)
    at async RoomModel.create (C:\Users\vinicius\Desktop\projects\sistema-de-reserva\src\model\RoomModel.js:24:24)
    at async RoomController.postCreateRoom (C:\Users\vinicius\Desktop\projects\sistema-de-reserva\src\controller\RoomController.js:58:13)
-------------------
2024-12-14 17:31:57 [INFO]: Fetching all rooms
2024-12-14 17:31:58 [INFO]: Rendering create room page
2024-12-14 17:32:03 [INFO]: Creating a new room
2024-12-14 17:32:03 [ERROR]: Error creating room: null value in column "room_code" of relation "room" violates not-null constraint
--- STACK TRACE ---
error: null value in column "room_code" of relation "room" violates not-null constraint
    at C:\Users\vinicius\Desktop\projects\sistema-de-reserva\node_modules\pg-pool\index.js:45:11
    at process.processTicksAndRejections (node:internal/process/task_queues:105:5)
    at async RoomModel.create (C:\Users\vinicius\Desktop\projects\sistema-de-reserva\src\model\RoomModel.js:24:24)
    at async RoomController.postCreateRoom (C:\Users\vinicius\Desktop\projects\sistema-de-reserva\src\controller\RoomController.js:59:13)
-------------------
2024-12-14 17:33:29 [INFO]: Fetching all rooms
2024-12-14 17:33:30 [INFO]: Rendering create room page
2024-12-14 17:33:36 [INFO]: Creating a new room
2024-12-14 17:33:36 [INFO]: Room with code A01 successfully created
2024-12-14 17:33:36 [INFO]: Rendering create room page
2024-12-14 17:34:08 [INFO]: Creating a new room
2024-12-14 17:34:08 [WARN]: A room with the code A01 already exists.
2024-12-14 17:34:08 [INFO]: Rendering create room page
2024-12-14 17:34:29 [INFO]: Fetching all rooms
2024-12-14 17:36:05 [INFO]: Fetching all rooms
2024-12-14 17:40:08 [INFO]: Fetching all rooms
2024-12-14 17:40:26 [INFO]: Fetching all rooms
2024-12-14 17:40:27 [INFO]: Fetching all rooms
2024-12-14 17:40:33 [INFO]: Fetching all rooms
2024-12-14 17:41:19 [INFO]: Rendering create room page
2024-12-14 17:41:32 [INFO]: Creating a new room
2024-12-14 17:41:33 [INFO]: Room with code F01 successfully created
2024-12-14 17:41:33 [INFO]: Rendering create room page
2024-12-14 17:41:39 [INFO]: Fetching all rooms
2024-12-14 17:41:51 [INFO]: Rendering create room page
2024-12-14 17:41:54 [INFO]: Fetching all rooms
2024-12-14 17:42:37 [INFO]: Rendering create room page
2024-12-14 17:42:47 [INFO]: Creating a new room
2024-12-14 17:42:47 [INFO]: Room with code A02 successfully created
2024-12-14 17:42:47 [INFO]: Rendering create room page
2024-12-14 17:42:49 [INFO]: Fetching all rooms
2024-12-14 17:48:44 [INFO]: Fetching all rooms
2024-12-14 17:49:07 [INFO]: Deleting an room
2024-12-14 17:49:07 [WARN]: Validation errors during deletion
2024-12-14 17:49:07 [INFO]: Fetching all rooms
2024-12-14 17:55:01 [INFO]: Fetching all rooms
2024-12-14 17:55:05 [INFO]: Deleting an room
2024-12-14 17:55:05 [INFO]: Room with ID ac37700c-3094-48f1-8d6c-988fec85a4cf successfully deleted
2024-12-14 17:55:05 [INFO]: Fetching all rooms
2024-12-14 17:55:07 [INFO]: Deleting an room
2024-12-14 17:55:07 [INFO]: Room with ID df90e3b7-3391-4a10-a0fc-cc47aed93be8 successfully deleted
2024-12-14 17:55:07 [INFO]: Fetching all rooms
2024-12-14 17:55:09 [INFO]: Deleting an room
2024-12-14 17:55:09 [INFO]: Room with ID de0e34d7-f61f-4ccb-9cef-1ffeb2894e8c successfully deleted
2024-12-14 17:55:09 [INFO]: Fetching all rooms
2024-12-14 17:55:10 [INFO]: Rendering create room page
2024-12-14 17:55:22 [INFO]: Creating a new room
2024-12-14 17:55:22 [INFO]: Room with code B02 successfully created
2024-12-14 17:55:22 [INFO]: Rendering create room page
2024-12-14 17:55:24 [INFO]: Fetching all rooms
2024-12-14 18:04:21 [INFO]: Fetching room details
2024-12-14 18:04:21 [INFO]: Room details fetched for ID 3e7176fe-b13c-4fd8-9769-40b613f9eb75
2024-12-14 18:04:28 [INFO]: Fetching all customer
2024-12-14 18:04:28 [INFO]: Found 2 customers
2024-12-14 18:04:30 [INFO]: Fetching customer details
2024-12-14 18:04:30 [INFO]: Customer details fetched for ID 09351669-300c-4586-9ae7-ce744319ea1f
2024-12-14 18:04:32 [INFO]: Fetching all customer
2024-12-14 18:04:32 [INFO]: Found 2 customers
2024-12-14 18:04:32 [INFO]: Fetching all employees
2024-12-14 18:04:32 [INFO]: Found 2 employees
2024-12-14 18:04:33 [INFO]: Fetching employee details
2024-12-14 18:04:33 [INFO]: Employee details fetched for ID a5a6b401-1722-44ef-b1c9-b26f624f9fd9
2024-12-14 18:04:36 [INFO]: Fetching all rooms
2024-12-14 18:04:38 [INFO]: Fetching room details
2024-12-14 18:04:38 [INFO]: Room details fetched for ID 3e7176fe-b13c-4fd8-9769-40b613f9eb75
2024-12-14 18:05:34 [INFO]: Fetching all rooms
2024-12-14 18:05:35 [INFO]: Fetching room details
2024-12-14 18:05:35 [INFO]: Room details fetched for ID 3e7176fe-b13c-4fd8-9769-40b613f9eb75
2024-12-14 18:05:40 [INFO]: Fetching all rooms
2024-12-14 18:05:41 [INFO]: Fetching room details
2024-12-14 18:05:41 [INFO]: Room details fetched for ID 3e7176fe-b13c-4fd8-9769-40b613f9eb75
2024-12-14 18:05:47 [INFO]: Fetching all rooms
2024-12-14 18:05:49 [INFO]: Fetching room details
2024-12-14 18:05:49 [INFO]: Room details fetched for ID 3e7176fe-b13c-4fd8-9769-40b613f9eb75
2024-12-14 18:06:11 [INFO]: Fetching all rooms
2024-12-14 18:06:29 [INFO]: Fetching room details
2024-12-14 18:06:29 [INFO]: Room details fetched for ID 3e7176fe-b13c-4fd8-9769-40b613f9eb75
2024-12-14 18:06:33 [INFO]: Fetching room details
2024-12-14 18:06:33 [WARN]: Validation errors when fetching details
2024-12-14 18:06:33 [INFO]: Fetching all rooms
